# JRE version: OpenJDK Runtime Environment (11.0.13) (build 11.0.13+0-b1751.21-8125866)
# Java VM: OpenJDK 64-Bit Server VM (11.0.13+0-b1751.21-8125866, mixed mode, tiered, compressed oops, g1 gc, windows-amd64)
Heap:
 garbage-first heap   total 258048K, used 138675K [0x0000000080000000, 0x0000000100000000)
  region size 1024K, 49 young (50176K), 12 survivors (12288K)
 Metaspace       used 116467K, capacity 120681K, committed 120732K, reserved 1153024K
  class space    used 15433K, capacity 17113K, committed 17152K, reserved 1048576K
GC Heap History (20 events):
Event: 7.218 GC heap before
{Heap before GC invocations=7 (full 0):
 garbage-first heap   total 258048K, used 162164K [0x0000000080000000, 0x0000000100000000)
  region size 1024K, 133 young (136192K), 13 survivors (13312K)
 Metaspace       used 50904K, capacity 52180K, committed 52432K, reserved 1095680K
  class space    used 6442K, capacity 6949K, committed 7040K, reserved 1048576K
}
Event: 7.228 GC heap after
{Heap after GC invocations=8 (full 0):
 garbage-first heap   total 258048K, used 49074K [0x0000000080000000, 0x0000000100000000)
  region size 1024K, 17 young (17408K), 17 survivors (17408K)
 Metaspace       used 50904K, capacity 52180K, committed 52432K, reserved 1095680K
  class space    used 6442K, capacity 6949K, committed 7040K, reserved 1048576K
}
Event: 7.854 GC heap before
{Heap before GC invocations=8 (full 0):
 garbage-first heap   total 258048K, used 103346K [0x0000000080000000, 0x0000000100000000)
  region size 1024K, 71 young (72704K), 17 survivors (17408K)
 Metaspace       used 58769K, capacity 60107K, committed 60296K, reserved 1101824K
  class space    used 7420K, capacity 7945K, committed 8064K, reserved 1048576K
}
Event: 7.866 GC heap after
{Heap after GC invocations=9 (full 0):
 garbage-first heap   total 258048K, used 51584K [0x0000000080000000, 0x0000000100000000)
  region size 1024K, 4 young (4096K), 4 survivors (4096K)
 Metaspace       used 58769K, capacity 60107K, committed 60296K, reserved 1101824K
  class space    used 7420K, capacity 7945K, committed 8064K, reserved 1048576K
}
Event: 9.346 GC heap before
{Heap before GC invocations=10 (full 0):
 garbage-first heap   total 258048K, used 191872K [0x0000000080000000, 0x0000000100000000)
  region size 1024K, 134 young (137216K), 4 survivors (4096K)
 Metaspace       used 67815K, capacity 69426K, committed 69640K, reserved 1110016K
  class space    used 8556K, capacity 9197K, committed 9216K, reserved 1048576K
}
Event: 9.354 GC heap after
{Heap after GC invocations=11 (full 0):
 garbage-first heap   total 258048K, used 60374K [0x0000000080000000, 0x0000000100000000)
  region size 1024K, 12 young (12288K), 12 survivors (12288K)
 Metaspace       used 67815K, capacity 69426K, committed 69640K, reserved 1110016K
  class space    used 8556K, capacity 9197K, committed 9216K, reserved 1048576K
}
Event: 10.940 GC heap before
{Heap before GC invocations=11 (full 0):
 garbage-first heap   total 258048K, used 187350K [0x0000000080000000, 0x0000000100000000)
  region size 1024K, 136 young (139264K), 12 survivors (12288K)
 Metaspace       used 77723K, capacity 79413K, committed 79624K, reserved 1118208K
  class space    used 10020K, capacity 10686K, committed 10752K, reserved 1048576K
}
Event: 10.953 GC heap after
{Heap after GC invocations=12 (full 0):
 garbage-first heap   total 258048K, used 68997K [0x0000000080000000, 0x0000000100000000)
  region size 1024K, 9 young (9216K), 9 survivors (9216K)
 Metaspace       used 77723K, capacity 79413K, committed 79624K, reserved 1118208K
  class space    used 10020K, capacity 10686K, committed 10752K, reserved 1048576K
}
Event: 12.360 GC heap before
{Heap before GC invocations=12 (full 0):
 garbage-first heap   total 258048K, used 192901K [0x0000000080000000, 0x0000000100000000)
  region size 1024K, 131 young (134144K), 9 survivors (9216K)
 Metaspace       used 86169K, capacity 88291K, committed 88456K, reserved 1126400K
  class space    used 11228K, capacity 12047K, committed 12160K, reserved 1048576K
}
Event: 12.370 GC heap after
{Heap after GC invocations=13 (full 0):
 garbage-first heap   total 258048K, used 76268K [0x0000000080000000, 0x0000000100000000)
  region size 1024K, 16 young (16384K), 16 survivors (16384K)
 Metaspace       used 86169K, capacity 88291K, committed 88456K, reserved 1126400K
  class space    used 11228K, capacity 12047K, committed 12160K, reserved 1048576K
}
Event: 13.217 GC heap before
{Heap before GC invocations=13 (full 0):
 garbage-first heap   total 258048K, used 197100K [0x0000000080000000, 0x0000000100000000)
  region size 1024K, 135 young (138240K), 16 survivors (16384K)
 Metaspace       used 89727K, capacity 91869K, committed 92168K, reserved 1128448K
  class space    used 11648K, capacity 12469K, committed 12544K, reserved 1048576K
}
Event: 13.232 GC heap after
{Heap after GC invocations=14 (full 0):
 garbage-first heap   total 258048K, used 84084K [0x0000000080000000, 0x0000000100000000)
  region size 1024K, 16 young (16384K), 16 survivors (16384K)
 Metaspace       used 89727K, capacity 91869K, committed 92168K, reserved 1128448K
  class space    used 11648K, capacity 12469K, committed 12544K, reserved 1048576K
}
Event: 14.184 GC heap before
{Heap before GC invocations=14 (full 0):
 garbage-first heap   total 258048K, used 200820K [0x0000000080000000, 0x0000000100000000)
  region size 1024K, 131 young (134144K), 16 survivors (16384K)
 Metaspace       used 94844K, capacity 97092K, committed 97160K, reserved 1134592K
  class space    used 12279K, capacity 13145K, committed 13184K, reserved 1048576K
}
Event: 14.200 GC heap after
{Heap after GC invocations=15 (full 0):
 garbage-first heap   total 258048K, used 90937K [0x0000000080000000, 0x0000000100000000)
  region size 1024K, 15 young (15360K), 15 survivors (15360K)
 Metaspace       used 94844K, capacity 97092K, committed 97160K, reserved 1134592K
  class space    used 12279K, capacity 13145K, committed 13184K, reserved 1048576K
}
Event: 34.422 GC heap before
{Heap before GC invocations=15 (full 0):
 garbage-first heap   total 258048K, used 134969K [0x0000000080000000, 0x0000000100000000)
  region size 1024K, 60 young (61440K), 15 survivors (15360K)
 Metaspace       used 98179K, capacity 100731K, committed 100872K, reserved 1136640K
  class space    used 12727K, capacity 13702K, committed 13824K, reserved 1048576K
}
Event: 34.434 GC heap after
{Heap after GC invocations=16 (full 0):
 garbage-first heap   total 258048K, used 93533K [0x0000000080000000, 0x0000000100000000)
  region size 1024K, 10 young (10240K), 10 survivors (10240K)
 Metaspace       used 98179K, capacity 100731K, committed 100872K, reserved 1136640K
  class space    used 12727K, capacity 13702K, committed 13824K, reserved 1048576K
}
Event: 36.264 GC heap before
{Heap before GC invocations=17 (full 0):
 garbage-first heap   total 258048K, used 219485K [0x0000000080000000, 0x0000000100000000)
  region size 1024K, 123 young (125952K), 10 survivors (10240K)
 Metaspace       used 114822K, capacity 118834K, committed 119068K, reserved 1150976K
  class space    used 15379K, capacity 16990K, committed 17024K, reserved 1048576K
}
Event: 36.276 GC heap after
{Heap after GC invocations=18 (full 0):
 garbage-first heap   total 258048K, used 98512K [0x0000000080000000, 0x0000000100000000)
  region size 1024K, 8 young (8192K), 8 survivors (8192K)
 Metaspace       used 114822K, capacity 118834K, committed 119068K, reserved 1150976K
  class space    used 15379K, capacity 16990K, committed 17024K, reserved 1048576K
}
Event: 58.287 GC heap before
{Heap before GC invocations=19 (full 0):
 garbage-first heap   total 258048K, used 210128K [0x0000000080000000, 0x0000000100000000)
  region size 1024K, 118 young (120832K), 8 survivors (8192K)
 Metaspace       used 116154K, capacity 120382K, committed 120476K, reserved 1153024K
  class space    used 15418K, capacity 17085K, committed 17152K, reserved 1048576K
}
Event: 58.296 GC heap after
{Heap after GC invocations=20 (full 0):
 garbage-first heap   total 258048K, used 102835K [0x0000000080000000, 0x0000000100000000)
  region size 1024K, 12 young (12288K), 12 survivors (12288K)
 Metaspace       used 116154K, capacity 120382K, committed 120476K, reserved 1153024K
  class space    used 15418K, capacity 17085K, committed 17152K, reserved 1048576K
}

