# JRE version: OpenJDK Runtime Environment (11.0.13) (build 11.0.13+0-b1751.21-8125866)
# Java VM: OpenJDK 64-Bit Server VM (11.0.13+0-b1751.21-8125866, mixed mode, tiered, compressed oops, g1 gc, windows-amd64)
Heap:
 garbage-first heap   total 258048K, used 165297K [0x0000000080000000, 0x0000000100000000)
  region size 1024K, 105 young (107520K), 16 survivors (16384K)
 Metaspace       used 87731K, capacity 89872K, committed 90064K, reserved 1126400K
  class space    used 11389K, capacity 12235K, committed 12320K, reserved 1048576K
GC Heap History (20 events):
Event: 0.935 GC heap before
{Heap before GC invocations=0 (full 0):
 garbage-first heap   total 258048K, used 30720K [0x0000000080000000, 0x0000000100000000)
  region size 1024K, 24 young (24576K), 0 survivors (0K)
 Metaspace       used 10117K, capacity 10403K, committed 10624K, reserved 1058816K
  class space    used 1035K, capacity 1106K, committed 1152K, reserved 1048576K
}
Event: 0.960 GC heap after
{Heap after GC invocations=1 (full 0):
 garbage-first heap   total 258048K, used 9359K [0x0000000080000000, 0x0000000100000000)
  region size 1024K, 3 young (3072K), 3 survivors (3072K)
 Metaspace       used 10117K, capacity 10403K, committed 10624K, reserved 1058816K
  class space    used 1035K, capacity 1106K, committed 1152K, reserved 1048576K
}
Event: 2.986 GC heap before
{Heap before GC invocations=1 (full 0):
 garbage-first heap   total 258048K, used 114831K [0x0000000080000000, 0x0000000100000000)
  region size 1024K, 107 young (109568K), 3 survivors (3072K)
 Metaspace       used 20753K, capacity 21199K, committed 21296K, reserved 1069056K
  class space    used 2527K, capacity 2686K, committed 2688K, reserved 1048576K
}
Event: 2.992 GC heap after
{Heap after GC invocations=2 (full 0):
 garbage-first heap   total 258048K, used 17069K [0x0000000080000000, 0x0000000100000000)
  region size 1024K, 11 young (11264K), 11 survivors (11264K)
 Metaspace       used 20753K, capacity 21199K, committed 21296K, reserved 1069056K
  class space    used 2527K, capacity 2686K, committed 2688K, reserved 1048576K
}
Event: 3.183 GC heap before
{Heap before GC invocations=3 (full 0):
 garbage-first heap   total 258048K, used 39597K [0x0000000080000000, 0x0000000100000000)
  region size 1024K, 33 young (33792K), 11 survivors (11264K)
 Metaspace       used 22679K, capacity 23212K, committed 23548K, reserved 1069056K
  class space    used 2872K, capacity 3066K, committed 3148K, reserved 1048576K
}
Event: 3.187 GC heap after
{Heap after GC invocations=4 (full 0):
 garbage-first heap   total 258048K, used 17975K [0x0000000080000000, 0x0000000100000000)
  region size 1024K, 2 young (2048K), 2 survivors (2048K)
 Metaspace       used 22679K, capacity 23212K, committed 23548K, reserved 1069056K
  class space    used 2872K, capacity 3066K, committed 3148K, reserved 1048576K
}
Event: 4.319 GC heap before
{Heap before GC invocations=4 (full 0):
 garbage-first heap   total 258048K, used 113207K [0x0000000080000000, 0x0000000100000000)
  region size 1024K, 96 young (98304K), 2 survivors (2048K)
 Metaspace       used 35181K, capacity 35967K, committed 36048K, reserved 1081344K
  class space    used 4517K, capacity 4835K, committed 4896K, reserved 1048576K
}
Event: 4.325 GC heap after
{Heap after GC invocations=5 (full 0):
 garbage-first heap   total 258048K, used 22402K [0x0000000080000000, 0x0000000100000000)
  region size 1024K, 6 young (6144K), 6 survivors (6144K)
 Metaspace       used 35181K, capacity 35967K, committed 36048K, reserved 1081344K
  class space    used 4517K, capacity 4835K, committed 4896K, reserved 1048576K
}
Event: 5.402 GC heap before
{Heap before GC invocations=6 (full 0):
 garbage-first heap   total 258048K, used 148354K [0x0000000080000000, 0x0000000100000000)
  region size 1024K, 126 young (129024K), 6 survivors (6144K)
 Metaspace       used 45364K, capacity 46395K, committed 46544K, reserved 1089536K
  class space    used 5758K, capacity 6142K, committed 6176K, reserved 1048576K
}
Event: 5.410 GC heap after
{Heap after GC invocations=7 (full 0):
 garbage-first heap   total 258048K, used 29471K [0x0000000080000000, 0x0000000100000000)
  region size 1024K, 13 young (13312K), 13 survivors (13312K)
 Metaspace       used 45364K, capacity 46395K, committed 46544K, reserved 1089536K
  class space    used 5758K, capacity 6142K, committed 6176K, reserved 1048576K
}
Event: 6.920 GC heap before
{Heap before GC invocations=7 (full 0):
 garbage-first heap   total 258048K, used 173855K [0x0000000080000000, 0x0000000100000000)
  region size 1024K, 145 young (148480K), 13 survivors (13312K)
 Metaspace       used 54563K, capacity 55962K, committed 56144K, reserved 1097728K
  class space    used 6913K, capacity 7460K, committed 7584K, reserved 1048576K
}
Event: 6.936 GC heap after
{Heap after GC invocations=8 (full 0):
 garbage-first heap   total 258048K, used 49596K [0x0000000080000000, 0x0000000100000000)
  region size 1024K, 18 young (18432K), 18 survivors (18432K)
 Metaspace       used 54563K, capacity 55962K, committed 56144K, reserved 1097728K
  class space    used 6913K, capacity 7460K, committed 7584K, reserved 1048576K
}
Event: 7.311 GC heap before
{Heap before GC invocations=8 (full 0):
 garbage-first heap   total 258048K, used 77244K [0x0000000080000000, 0x0000000100000000)
  region size 1024K, 46 young (47104K), 18 survivors (18432K)
 Metaspace       used 58915K, capacity 60371K, committed 60496K, reserved 1101824K
  class space    used 7441K, capacity 7989K, committed 8096K, reserved 1048576K
}
Event: 7.334 GC heap after
{Heap after GC invocations=9 (full 0):
 garbage-first heap   total 258048K, used 51271K [0x0000000080000000, 0x0000000100000000)
  region size 1024K, 3 young (3072K), 3 survivors (3072K)
 Metaspace       used 58915K, capacity 60371K, committed 60496K, reserved 1101824K
  class space    used 7441K, capacity 7989K, committed 8096K, reserved 1048576K
}
Event: 8.485 GC heap before
{Heap before GC invocations=10 (full 0):
 garbage-first heap   total 258048K, used 191559K [0x0000000080000000, 0x0000000100000000)
  region size 1024K, 133 young (136192K), 3 survivors (3072K)
 Metaspace       used 67850K, capacity 69505K, committed 69584K, reserved 1110016K
  class space    used 8557K, capacity 9200K, committed 9248K, reserved 1048576K
}
Event: 8.495 GC heap after
{Heap after GC invocations=11 (full 0):
 garbage-first heap   total 258048K, used 60164K [0x0000000080000000, 0x0000000100000000)
  region size 1024K, 11 young (11264K), 11 survivors (11264K)
 Metaspace       used 67850K, capacity 69505K, committed 69584K, reserved 1110016K
  class space    used 8557K, capacity 9200K, committed 9248K, reserved 1048576K
}
Event: 9.756 GC heap before
{Heap before GC invocations=12 (full 0):
 garbage-first heap   total 258048K, used 190212K [0x0000000080000000, 0x0000000100000000)
  region size 1024K, 138 young (141312K), 11 survivors (11264K)
 Metaspace       used 78125K, capacity 79891K, committed 80080K, reserved 1118208K
  class space    used 10059K, capacity 10694K, committed 10784K, reserved 1048576K
}
Event: 9.767 GC heap after
{Heap after GC invocations=13 (full 0):
 garbage-first heap   total 258048K, used 68728K [0x0000000080000000, 0x0000000100000000)
  region size 1024K, 9 young (9216K), 9 survivors (9216K)
 Metaspace       used 78125K, capacity 79891K, committed 80080K, reserved 1118208K
  class space    used 10059K, capacity 10694K, committed 10784K, reserved 1048576K
}
Event: 10.912 GC heap before
{Heap before GC invocations=13 (full 0):
 garbage-first heap   total 258048K, used 193656K [0x0000000080000000, 0x0000000100000000)
  region size 1024K, 132 young (135168K), 9 survivors (9216K)
 Metaspace       used 86187K, capacity 88298K, committed 88656K, reserved 1126400K
  class space    used 11242K, capacity 12072K, committed 12192K, reserved 1048576K
}
Event: 10.950 GC heap after
{Heap after GC invocations=14 (full 0):
 garbage-first heap   total 258048K, used 76209K [0x0000000080000000, 0x0000000100000000)
  region size 1024K, 16 young (16384K), 16 survivors (16384K)
 Metaspace       used 86187K, capacity 88298K, committed 88656K, reserved 1126400K
  class space    used 11242K, capacity 12072K, committed 12192K, reserved 1048576K
}

